{"/Users/mihaillysikov/deight/watch-state-react/src/index.ts": {"path":"/Users/mihaillysikov/deight/watch-state-react/src/index.ts","statementMap":{"0":{"start":{"line":1,"column":0},"end":{"line":1,"column":60}},"1":{"start":{"line":2,"column":0},"end":{"line":2,"column":40}},"2":{"start":{"line":3,"column":0},"end":{"line":3,"column":71}},"3":{"start":{"line":5,"column":13},"end":{"line":5,"column":null}},"4":{"start":{"line":6,"column":13},"end":{"line":6,"column":null}},"5":{"start":{"line":11,"column":22},"end":{"line":11,"column":49}},"6":{"start":{"line":12,"column":2},"end":{"line":68,"column":null}},"7":{"start":{"line":13,"column":41},"end":{"line":13,"column":78}},"8":{"start":{"line":14,"column":4},"end":{"line":27,"column":null}},"9":{"start":{"line":15,"column":6},"end":{"line":15,"column":null}},"10":{"start":{"line":16,"column":6},"end":{"line":16,"column":null}},"11":{"start":{"line":17,"column":21},"end":{"line":17,"column":36}},"12":{"start":{"line":18,"column":6},"end":{"line":25,"column":null}},"13":{"start":{"line":19,"column":8},"end":{"line":24,"column":null}},"14":{"start":{"line":20,"column":24},"end":{"line":20,"column":35}},"15":{"start":{"line":21,"column":10},"end":{"line":23,"column":null}},"16":{"start":{"line":22,"column":12},"end":{"line":22,"column":null}},"17":{"start":{"line":26,"column":6},"end":{"line":26,"column":58}},"18":{"start":{"line":28,"column":4},"end":{"line":48,"column":null}},"19":{"start":{"line":28,"column":30},"end":{"line":28,"column":39}},"20":{"start":{"line":29,"column":25},"end":{"line":29,"column":34}},"21":{"start":{"line":30,"column":6},"end":{"line":46,"column":null}},"22":{"start":{"line":31,"column":8},"end":{"line":31,"column":null}},"23":{"start":{"line":33,"column":8},"end":{"line":33,"column":35}},"24":{"start":{"line":34,"column":8},"end":{"line":45,"column":null}},"25":{"start":{"line":36,"column":10},"end":{"line":44,"column":null}},"26":{"start":{"line":37,"column":12},"end":{"line":43,"column":null}},"27":{"start":{"line":38,"column":14},"end":{"line":38,"column":null}},"28":{"start":{"line":39,"column":19},"end":{"line":43,"column":null}},"29":{"start":{"line":40,"column":14},"end":{"line":40,"column":null}},"30":{"start":{"line":41,"column":14},"end":{"line":41,"column":null}},"31":{"start":{"line":42,"column":14},"end":{"line":42,"column":null}},"32":{"start":{"line":47,"column":6},"end":{"line":47,"column":null}},"33":{"start":{"line":49,"column":4},"end":{"line":49,"column":null}},"34":{"start":{"line":51,"column":4},"end":{"line":67,"column":null}},"35":{"start":{"line":51,"column":11},"end":{"line":51,"column":20}},"36":{"start":{"line":52,"column":23},"end":{"line":52,"column":38}},"37":{"start":{"line":53,"column":19},"end":{"line":53,"column":28}},"38":{"start":{"line":55,"column":20},"end":{"line":61,"column":8}},"39":{"start":{"line":56,"column":8},"end":{"line":60,"column":null}},"40":{"start":{"line":57,"column":10},"end":{"line":57,"column":null}},"41":{"start":{"line":59,"column":10},"end":{"line":59,"column":null}},"42":{"start":{"line":62,"column":6},"end":{"line":65,"column":null}},"43":{"start":{"line":62,"column":22},"end":{"line":65,"column":8}},"44":{"start":{"line":63,"column":8},"end":{"line":63,"column":null}},"45":{"start":{"line":64,"column":8},"end":{"line":64,"column":null}},"46":{"start":{"line":66,"column":6},"end":{"line":66,"column":null}},"47":{"start":{"line":71,"column":0},"end":{"line":71,"column":null}},"48":{"start":{"line":72,"column":0},"end":{"line":72,"column":27}},"49":{"start":{"line":73,"column":0},"end":{"line":73,"column":34}}},"fnMap":{"0":{"name":"watch","decl":{"start":{"line":10,"column":9},"end":{"line":10,"column":14}},"loc":{"start":{"line":10,"column":44},"end":{"line":69,"column":1}}},"1":{"name":"componentWillUnmount","decl":{"start":{"line":14,"column":53},"end":{"line":14,"column":73}},"loc":{"start":{"line":14,"column":73},"end":{"line":27,"column":5}}},"2":{"name":"render","decl":{"start":{"line":28,"column":39},"end":{"line":28,"column":45}},"loc":{"start":{"line":28,"column":45},"end":{"line":48,"column":5}}},"3":{"name":"(anonymous_7)","decl":{"start":{"line":34,"column":16},"end":{"line":34,"column":null}},"loc":{"start":{"line":34,"column":16},"end":{"line":45,"column":9}}},"4":{"name":"(anonymous_8)","decl":{"start":{"line":36,"column":46},"end":{"line":36,"column":52}},"loc":{"start":{"line":36,"column":52},"end":{"line":44,"column":11}}},"5":{"name":"Component","decl":{"start":{"line":51,"column":20},"end":{"line":51,"column":29}},"loc":{"start":{"line":51,"column":29},"end":{"line":67,"column":5}}},"6":{"name":"(anonymous_10)","decl":{"start":{"line":55,"column":30},"end":{"line":55,"column":36}},"loc":{"start":{"line":55,"column":36},"end":{"line":61,"column":7}}},"7":{"name":"(anonymous_11)","decl":{"start":{"line":62,"column":16},"end":{"line":62,"column":22}},"loc":{"start":{"line":62,"column":16},"end":{"line":62,"column":null}}},"8":{"name":"(anonymous_12)","decl":{"start":{"line":62,"column":22},"end":{"line":62,"column":null}},"loc":{"start":{"line":62,"column":22},"end":{"line":65,"column":7}}}},"branchMap":{"0":{"loc":{"start":{"line":11,"column":41},"end":{"line":11,"column":43}},"type":"cond-expr","locations":[{"start":{"line":11,"column":41},"end":{"line":11,"column":43}},{"start":{"line":11,"column":41},"end":{"line":11,"column":49}}]},"1":{"loc":{"start":{"line":11,"column":22},"end":{"line":11,"column":43}},"type":"binary-expr","locations":[{"start":{"line":11,"column":22},"end":{"line":11,"column":43}},{"start":{"line":11,"column":41},"end":{"line":11,"column":43}}]},"2":{"loc":{"start":{"line":12,"column":2},"end":{"line":68,"column":null}},"type":"if","locations":[{"start":{"line":12,"column":2},"end":{"line":68,"column":null}},{"start":{"line":12,"column":2},"end":{"line":68,"column":null}}]},"3":{"loc":{"start":{"line":18,"column":6},"end":{"line":25,"column":null}},"type":"if","locations":[{"start":{"line":18,"column":6},"end":{"line":25,"column":null}},{"start":{"line":18,"column":6},"end":{"line":25,"column":null}}]},"4":{"loc":{"start":{"line":21,"column":10},"end":{"line":23,"column":null}},"type":"if","locations":[{"start":{"line":21,"column":10},"end":{"line":23,"column":null}},{"start":{"line":21,"column":10},"end":{"line":23,"column":null}}]},"5":{"loc":{"start":{"line":21,"column":14},"end":{"line":21,"column":36}},"type":"binary-expr","locations":[{"start":{"line":21,"column":14},"end":{"line":21,"column":36}},{"start":{"line":21,"column":40},"end":{"line":21,"column":62}}]},"6":{"loc":{"start":{"line":26,"column":34},"end":{"line":26,"column":36}},"type":"cond-expr","locations":[{"start":{"line":26,"column":34},"end":{"line":26,"column":36}},{"start":{"line":26,"column":6},"end":{"line":26,"column":58}}]},"7":{"loc":{"start":{"line":26,"column":6},"end":{"line":26,"column":36}},"type":"binary-expr","locations":[{"start":{"line":26,"column":6},"end":{"line":26,"column":36}},{"start":{"line":26,"column":6},"end":{"line":26,"column":36}}]},"8":{"loc":{"start":{"line":30,"column":6},"end":{"line":46,"column":null}},"type":"if","locations":[{"start":{"line":30,"column":6},"end":{"line":46,"column":null}},{"start":{"line":30,"column":6},"end":{"line":46,"column":null}}]},"9":{"loc":{"start":{"line":33,"column":21},"end":{"line":33,"column":23}},"type":"cond-expr","locations":[{"start":{"line":33,"column":21},"end":{"line":33,"column":23}},{"start":{"line":33,"column":21},"end":{"line":33,"column":35}}]},"10":{"loc":{"start":{"line":33,"column":8},"end":{"line":33,"column":23}},"type":"binary-expr","locations":[{"start":{"line":33,"column":8},"end":{"line":33,"column":23}},{"start":{"line":33,"column":21},"end":{"line":33,"column":23}}]},"11":{"loc":{"start":{"line":37,"column":12},"end":{"line":43,"column":null}},"type":"if","locations":[{"start":{"line":37,"column":12},"end":{"line":43,"column":null}},{"start":{"line":37,"column":12},"end":{"line":43,"column":null}}]},"12":{"loc":{"start":{"line":39,"column":19},"end":{"line":43,"column":null}},"type":"if","locations":[{"start":{"line":39,"column":19},"end":{"line":43,"column":null}},{"start":{"line":39,"column":19},"end":{"line":43,"column":null}}]},"13":{"loc":{"start":{"line":56,"column":8},"end":{"line":60,"column":null}},"type":"if","locations":[{"start":{"line":56,"column":8},"end":{"line":60,"column":null}},{"start":{"line":56,"column":8},"end":{"line":60,"column":null}}]}},"s":{"0":1,"1":1,"2":1,"3":1,"4":1,"5":13,"6":13,"7":11,"8":11,"9":4,"10":4,"11":4,"12":4,"13":4,"14":2,"15":2,"16":2,"17":4,"18":11,"19":20,"20":20,"21":20,"22":8,"23":12,"24":12,"25":12,"26":21,"27":12,"28":9,"29":8,"30":8,"31":8,"32":20,"33":11,"34":2,"35":6,"36":6,"37":6,"38":6,"39":10,"40":4,"41":6,"42":6,"43":6,"44":4,"45":4,"46":6,"47":1,"48":1,"49":1},"f":{"0":13,"1":4,"2":20,"3":12,"4":21,"5":6,"6":10,"7":6,"8":4},"b":{"0":[1,12],"1":[13,13],"2":[11,2],"3":[4,0],"4":[2,0],"5":[2,1],"6":[3,1],"7":[4,4],"8":[8,12],"9":[11,1],"10":[12,12],"11":[12,9],"12":[8,1],"13":[4,6]}}
}
