{"/Users/deight/cantinc/watch-state-react/src/index.ts": {"path":"/Users/deight/cantinc/watch-state-react/src/index.ts","statementMap":{"0":{"start":{"line":1,"column":0},"end":{"line":1,"column":23}},"1":{"start":{"line":2,"column":0},"end":{"line":2,"column":23}}},"fnMap":{},"branchMap":{},"s":{"0":1,"1":1},"f":{},"b":{}}
,"/Users/deight/cantinc/watch-state-react/src/hooks/index.ts": {"path":"/Users/deight/cantinc/watch-state-react/src/hooks/index.ts","statementMap":{"0":{"start":{"line":1,"column":0},"end":{"line":1,"column":29}},"1":{"start":{"line":2,"column":0},"end":{"line":2,"column":31}},"2":{"start":{"line":3,"column":0},"end":{"line":3,"column":29}},"3":{"start":{"line":4,"column":0},"end":{"line":4,"column":31}},"4":{"start":{"line":5,"column":0},"end":{"line":5,"column":29}},"5":{"start":{"line":6,"column":0},"end":{"line":6,"column":26}},"6":{"start":{"line":7,"column":0},"end":{"line":7,"column":28}}},"fnMap":{},"branchMap":{},"s":{"0":1,"1":1,"2":1,"3":1,"4":1,"5":1,"6":1},"f":{},"b":{}}
,"/Users/deight/cantinc/watch-state-react/src/hooks/useNewCache/index.ts": {"path":"/Users/deight/cantinc/watch-state-react/src/hooks/useNewCache/index.ts","statementMap":{"0":{"start":{"line":1,"column":0},"end":{"line":1,"column":29}}},"fnMap":{},"branchMap":{},"s":{"0":1},"f":{},"b":{}}
,"/Users/deight/cantinc/watch-state-react/src/hooks/useNewCache/useNewCache.ts": {"path":"/Users/deight/cantinc/watch-state-react/src/hooks/useNewCache/useNewCache.ts","statementMap":{"0":{"start":{"line":7,"column":0},"end":{"line":7,"column":16}},"1":{"start":{"line":4,"column":0},"end":{"line":4,"column":48}},"2":{"start":{"line":7,"column":54},"end":{"line":7,"column":null}},"3":{"start":{"line":8,"column":2},"end":{"line":8,"column":null}}},"fnMap":{"0":{"name":"useNewCache","decl":{"start":{"line":7,"column":16},"end":{"line":7,"column":27}},"loc":{"start":{"line":7,"column":79},"end":{"line":9,"column":1}}}},"branchMap":{"0":{"loc":{"start":{"line":7,"column":54},"end":{"line":7,"column":null}},"type":"if","locations":[{"start":{"line":7,"column":54},"end":{"line":7,"column":null}},{"start":{},"end":{}}]}},"s":{"0":1,"1":1,"2":0,"3":0},"f":{"0":0},"b":{"0":[0,0]}}
,"/Users/deight/cantinc/watch-state-react/src/hooks/useNewCompute/index.ts": {"path":"/Users/deight/cantinc/watch-state-react/src/hooks/useNewCompute/index.ts","statementMap":{"0":{"start":{"line":1,"column":0},"end":{"line":1,"column":31}}},"fnMap":{},"branchMap":{},"s":{"0":1},"f":{},"b":{}}
,"/Users/deight/cantinc/watch-state-react/src/hooks/useNewCompute/useNewCompute.ts": {"path":"/Users/deight/cantinc/watch-state-react/src/hooks/useNewCompute/useNewCompute.ts","statementMap":{"0":{"start":{"line":64,"column":0},"end":{"line":64,"column":16}},"1":{"start":{"line":1,"column":0},"end":{"line":1,"column":62}},"2":{"start":{"line":3,"column":0},"end":{"line":3,"column":37}},"3":{"start":{"line":65,"column":17},"end":{"line":65,"column":37}},"4":{"start":{"line":66,"column":21},"end":{"line":66,"column":36}},"5":{"start":{"line":67,"column":20},"end":{"line":67,"column":33}},"6":{"start":{"line":69,"column":2},"end":{"line":69,"column":null}},"7":{"start":{"line":71,"column":2},"end":{"line":75,"column":null}},"8":{"start":{"line":72,"column":4},"end":{"line":74,"column":5}},"9":{"start":{"line":73,"column":6},"end":{"line":73,"column":null}},"10":{"start":{"line":77,"column":2},"end":{"line":81,"column":null}},"11":{"start":{"line":78,"column":4},"end":{"line":78,"column":null}},"12":{"start":{"line":80,"column":4},"end":{"line":80,"column":null}},"13":{"start":{"line":80,"column":17},"end":{"line":80,"column":null}},"14":{"start":{"line":83,"column":2},"end":{"line":83,"column":null}},"15":{"start":{"line":83,"column":67},"end":{"line":83,"column":95}}},"fnMap":{"0":{"name":"useNewCompute","decl":{"start":{"line":64,"column":16},"end":{"line":64,"column":29}},"loc":{"start":{"line":64,"column":77},"end":{"line":84,"column":1}}},"1":{"name":"(anonymous_1)","decl":{"start":{"line":71,"column":12},"end":{"line":71,"column":null}},"loc":{"start":{"line":71,"column":12},"end":{"line":75,"column":3}}},"2":{"name":"(anonymous_2)","decl":{"start":{"line":77,"column":12},"end":{"line":77,"column":null}},"loc":{"start":{"line":77,"column":12},"end":{"line":81,"column":3}}},"3":{"name":"(anonymous_3)","decl":{"start":{"line":80,"column":11},"end":{"line":80,"column":17}},"loc":{"start":{"line":80,"column":11},"end":{"line":80,"column":23}}},"4":{"name":"(anonymous_4)","decl":{"start":{"line":83,"column":57},"end":{"line":83,"column":63}},"loc":{"start":{"line":83,"column":63},"end":{"line":83,"column":77}}}},"branchMap":{"0":{"loc":{"start":{"line":72,"column":4},"end":{"line":74,"column":5}},"type":"if","locations":[{"start":{"line":72,"column":4},"end":{"line":74,"column":5}},{"start":{},"end":{}}]},"1":{"loc":{"start":{"line":72,"column":8},"end":{"line":72,"column":33}},"type":"binary-expr","locations":[{"start":{"line":72,"column":8},"end":{"line":72,"column":12}},{"start":{"line":72,"column":16},"end":{"line":72,"column":33}}]},"2":{"loc":{"start":{"line":83,"column":9},"end":{"line":83,"column":101}},"type":"binary-expr","locations":[{"start":{"line":83,"column":9},"end":{"line":83,"column":23}},{"start":{"line":83,"column":28},"end":{"line":83,"column":100}}]}},"s":{"0":2,"1":2,"2":2,"3":9,"4":9,"5":9,"6":9,"7":9,"8":9,"9":4,"10":9,"11":5,"12":5,"13":5,"14":9,"15":14},"f":{"0":9,"1":9,"2":5,"3":5,"4":14},"b":{"0":[4,5],"1":[9,6],"2":[9,5]}}
,"/Users/deight/cantinc/watch-state-react/src/hooks/useNewState/index.ts": {"path":"/Users/deight/cantinc/watch-state-react/src/hooks/useNewState/index.ts","statementMap":{"0":{"start":{"line":1,"column":0},"end":{"line":1,"column":29}}},"fnMap":{},"branchMap":{},"s":{"0":2},"f":{},"b":{}}
,"/Users/deight/cantinc/watch-state-react/src/hooks/useNewState/useNewState.ts": {"path":"/Users/deight/cantinc/watch-state-react/src/hooks/useNewState/useNewState.ts","statementMap":{"0":{"start":{"line":37,"column":0},"end":{"line":37,"column":16}},"1":{"start":{"line":1,"column":0},"end":{"line":1,"column":30}},"2":{"start":{"line":2,"column":0},"end":{"line":2,"column":35}},"3":{"start":{"line":38,"column":14},"end":{"line":38,"column":32}},"4":{"start":{"line":40,"column":2},"end":{"line":40,"column":null}}},"fnMap":{"0":{"name":"useNewState","decl":{"start":{"line":37,"column":16},"end":{"line":37,"column":27}},"loc":{"start":{"line":37,"column":48},"end":{"line":41,"column":1}}}},"branchMap":{"0":{"loc":{"start":{"line":40,"column":9},"end":{"line":40,"column":63}},"type":"binary-expr","locations":[{"start":{"line":40,"column":9},"end":{"line":40,"column":20}},{"start":{"line":40,"column":25},"end":{"line":40,"column":62}}]}},"s":{"0":3,"1":3,"2":3,"3":4,"4":4},"f":{"0":4},"b":{"0":[4,4]}}
,"/Users/deight/cantinc/watch-state-react/src/hooks/useObservable/index.ts": {"path":"/Users/deight/cantinc/watch-state-react/src/hooks/useObservable/index.ts","statementMap":{"0":{"start":{"line":1,"column":0},"end":{"line":1,"column":31}}},"fnMap":{},"branchMap":{},"s":{"0":5},"f":{},"b":{}}
,"/Users/deight/cantinc/watch-state-react/src/hooks/useObservable/useObservable.ts": {"path":"/Users/deight/cantinc/watch-state-react/src/hooks/useObservable/useObservable.ts","statementMap":{"0":{"start":{"line":33,"column":0},"end":{"line":33,"column":16}},"1":{"start":{"line":3,"column":0},"end":{"line":3,"column":44}},"2":{"start":{"line":34,"column":2},"end":{"line":34,"column":null}},"3":{"start":{"line":34,"column":27},"end":{"line":34,"column":39}}},"fnMap":{"0":{"name":"useObservable","decl":{"start":{"line":33,"column":16},"end":{"line":33,"column":29}},"loc":{"start":{"line":33,"column":54},"end":{"line":35,"column":1}}},"1":{"name":"(anonymous_1)","decl":{"start":{"line":34,"column":21},"end":{"line":34,"column":27}},"loc":{"start":{"line":34,"column":21},"end":{"line":34,"column":32}}}},"branchMap":{},"s":{"0":5,"1":5,"2":35,"3":138},"f":{"0":35,"1":138},"b":{}}
,"/Users/deight/cantinc/watch-state-react/src/hooks/useSelector/index.ts": {"path":"/Users/deight/cantinc/watch-state-react/src/hooks/useSelector/index.ts","statementMap":{"0":{"start":{"line":1,"column":0},"end":{"line":1,"column":29}}},"fnMap":{},"branchMap":{},"s":{"0":5},"f":{},"b":{}}
,"/Users/deight/cantinc/watch-state-react/src/hooks/useSelector/useSelector.ts": {"path":"/Users/deight/cantinc/watch-state-react/src/hooks/useSelector/useSelector.ts","statementMap":{"0":{"start":{"line":41,"column":0},"end":{"line":41,"column":16}},"1":{"start":{"line":1,"column":0},"end":{"line":1,"column":44}},"2":{"start":{"line":3,"column":0},"end":{"line":3,"column":39}},"3":{"start":{"line":42,"column":2},"end":{"line":45,"column":null}}},"fnMap":{"0":{"name":"useSelector","decl":{"start":{"line":41,"column":16},"end":{"line":41,"column":27}},"loc":{"start":{"line":41,"column":53},"end":{"line":46,"column":1}}}},"branchMap":{},"s":{"0":5,"1":5,"2":5,"3":44},"f":{"0":44},"b":{}}
,"/Users/deight/cantinc/watch-state-react/src/hooks/useWatch/index.ts": {"path":"/Users/deight/cantinc/watch-state-react/src/hooks/useWatch/index.ts","statementMap":{"0":{"start":{"line":1,"column":0},"end":{"line":1,"column":26}}},"fnMap":{},"branchMap":{},"s":{"0":1},"f":{},"b":{}}
,"/Users/deight/cantinc/watch-state-react/src/hooks/useWatch/useWatch.ts": {"path":"/Users/deight/cantinc/watch-state-react/src/hooks/useWatch/useWatch.ts","statementMap":{"0":{"start":{"line":6,"column":0},"end":{"line":6,"column":16}},"1":{"start":{"line":3,"column":0},"end":{"line":3,"column":48}},"2":{"start":{"line":7,"column":2},"end":{"line":7,"column":null}}},"fnMap":{"0":{"name":"useWatch","decl":{"start":{"line":6,"column":16},"end":{"line":6,"column":24}},"loc":{"start":{"line":6,"column":49},"end":{"line":8,"column":1}}}},"branchMap":{},"s":{"0":1,"1":1,"2":0},"f":{"0":0},"b":{}}
,"/Users/deight/cantinc/watch-state-react/src/hooks/useWatcher/index.ts": {"path":"/Users/deight/cantinc/watch-state-react/src/hooks/useWatcher/index.ts","statementMap":{"0":{"start":{"line":1,"column":0},"end":{"line":1,"column":28}}},"fnMap":{},"branchMap":{},"s":{"0":1},"f":{},"b":{}}
,"/Users/deight/cantinc/watch-state-react/src/hooks/useWatcher/useWatcher.ts": {"path":"/Users/deight/cantinc/watch-state-react/src/hooks/useWatcher/useWatcher.ts","statementMap":{"0":{"start":{"line":6,"column":0},"end":{"line":6,"column":16}},"1":{"start":{"line":1,"column":0},"end":{"line":1,"column":44}},"2":{"start":{"line":3,"column":0},"end":{"line":3,"column":35}},"3":{"start":{"line":7,"column":2},"end":{"line":17,"column":null}},"4":{"start":{"line":8,"column":20},"end":{"line":12,"column":12}},"5":{"start":{"line":9,"column":6},"end":{"line":9,"column":null}},"6":{"start":{"line":9,"column":18},"end":{"line":9,"column":null}},"7":{"start":{"line":11,"column":6},"end":{"line":11,"column":null}},"8":{"start":{"line":14,"column":4},"end":{"line":16,"column":null}},"9":{"start":{"line":15,"column":6},"end":{"line":15,"column":null}},"10":{"start":{"line":17,"column":11},"end":{"line":17,"column":24}}},"fnMap":{"0":{"name":"useWatcher","decl":{"start":{"line":6,"column":16},"end":{"line":6,"column":26}},"loc":{"start":{"line":6,"column":48},"end":{"line":18,"column":1}}},"1":{"name":"(anonymous_1)","decl":{"start":{"line":7,"column":30},"end":{"line":7,"column":38}},"loc":{"start":{"line":7,"column":38},"end":{"line":17,"column":3}}},"2":{"name":"(anonymous_2)","decl":{"start":{"line":8,"column":30},"end":{"line":8,"column":36}},"loc":{"start":{"line":8,"column":36},"end":{"line":12,"column":5}}},"3":{"name":"(anonymous_3)","decl":{"start":{"line":14,"column":11},"end":{"line":14,"column":null}},"loc":{"start":{"line":14,"column":11},"end":{"line":16,"column":5}}},"4":{"name":"(anonymous_4)","decl":{"start":{"line":17,"column":5},"end":{"line":17,"column":11}},"loc":{"start":{"line":17,"column":5},"end":{"line":17,"column":16}}}},"branchMap":{"0":{"loc":{"start":{"line":9,"column":6},"end":{"line":9,"column":null}},"type":"if","locations":[{"start":{"line":9,"column":6},"end":{"line":9,"column":null}},{"start":{},"end":{}}]}},"s":{"0":1,"1":1,"2":1,"3":0,"4":0,"5":0,"6":0,"7":0,"8":0,"9":0,"10":0},"f":{"0":0,"1":0,"2":0,"3":0,"4":0},"b":{"0":[0,0]}}
,"/Users/deight/cantinc/watch-state-react/src/utils/index.ts": {"path":"/Users/deight/cantinc/watch-state-react/src/utils/index.ts","statementMap":{"0":{"start":{"line":1,"column":0},"end":{"line":1,"column":27}}},"fnMap":{},"branchMap":{},"s":{"0":5},"f":{},"b":{}}
,"/Users/deight/cantinc/watch-state-react/src/utils/subscribe/index.ts": {"path":"/Users/deight/cantinc/watch-state-react/src/utils/subscribe/index.ts","statementMap":{"0":{"start":{"line":1,"column":0},"end":{"line":1,"column":27}}},"fnMap":{},"branchMap":{},"s":{"0":5},"f":{},"b":{}}
,"/Users/deight/cantinc/watch-state-react/src/utils/subscribe/subscribe.ts": {"path":"/Users/deight/cantinc/watch-state-react/src/utils/subscribe/subscribe.ts","statementMap":{"0":{"start":{"line":1,"column":0},"end":{"line":1,"column":35}},"1":{"start":{"line":22,"column":25},"end":{"line":26,"column":1}},"2":{"start":{"line":23,"column":18},"end":{"line":23,"column":37}},"3":{"start":{"line":25,"column":2},"end":{"line":25,"column":null}},"4":{"start":{"line":25,"column":15},"end":{"line":25,"column":null}},"5":{"start":{"line":22,"column":13},"end":{"line":22,"column":25}}},"fnMap":{"0":{"name":"(anonymous_0)","decl":{"start":{"line":22,"column":25},"end":{"line":22,"column":26}},"loc":{"start":{"line":22,"column":46},"end":{"line":26,"column":1}}},"1":{"name":"(anonymous_1)","decl":{"start":{"line":25,"column":9},"end":{"line":25,"column":15}},"loc":{"start":{"line":25,"column":9},"end":{"line":25,"column":22}}}},"branchMap":{},"s":{"0":5,"1":5,"2":17,"3":17,"4":17,"5":5},"f":{"0":17,"1":17},"b":{}}
}
