TN:
SF:src/index.ts
FNF:0
FNH:0
DA:1,1
DA:2,1
LF:2
LH:2
BRF:0
BRH:0
end_of_record
TN:
SF:src/hooks/index.ts
FNF:0
FNH:0
DA:1,1
DA:2,1
DA:3,1
DA:4,1
DA:5,1
DA:6,1
DA:7,1
LF:7
LH:7
BRF:0
BRH:0
end_of_record
TN:
SF:src/hooks/useNewCache/index.ts
FNF:0
FNH:0
DA:1,1
LF:1
LH:1
BRF:0
BRH:0
end_of_record
TN:
SF:src/hooks/useNewCache/useNewCache.ts
FN:7,useNewCache
FNF:1
FNH:0
FNDA:0,useNewCache
DA:4,1
DA:7,1
DA:8,0
LF:3
LH:2
BRDA:7,0,0,0
BRDA:7,0,1,0
BRF:2
BRH:0
end_of_record
TN:
SF:src/hooks/useNewCompute/index.ts
FNF:0
FNH:0
DA:1,1
LF:1
LH:1
BRF:0
BRH:0
end_of_record
TN:
SF:src/hooks/useNewCompute/useNewCompute.ts
FN:64,useNewCompute
FN:71,(anonymous_1)
FN:77,(anonymous_2)
FN:80,(anonymous_3)
FN:83,(anonymous_4)
FNF:5
FNH:5
FNDA:9,useNewCompute
FNDA:9,(anonymous_1)
FNDA:5,(anonymous_2)
FNDA:5,(anonymous_3)
FNDA:14,(anonymous_4)
DA:1,2
DA:3,2
DA:64,2
DA:65,9
DA:66,9
DA:67,9
DA:69,9
DA:71,9
DA:72,9
DA:73,4
DA:77,9
DA:78,5
DA:80,5
DA:83,14
LF:14
LH:14
BRDA:72,0,0,4
BRDA:72,0,1,5
BRDA:72,1,0,9
BRDA:72,1,1,6
BRDA:83,2,0,9
BRDA:83,2,1,5
BRF:6
BRH:6
end_of_record
TN:
SF:src/hooks/useNewState/index.ts
FNF:0
FNH:0
DA:1,2
LF:1
LH:1
BRF:0
BRH:0
end_of_record
TN:
SF:src/hooks/useNewState/useNewState.ts
FN:37,useNewState
FNF:1
FNH:1
FNDA:4,useNewState
DA:1,3
DA:2,3
DA:37,3
DA:38,4
DA:40,4
LF:5
LH:5
BRDA:40,0,0,4
BRDA:40,0,1,4
BRF:2
BRH:2
end_of_record
TN:
SF:src/hooks/useObservable/index.ts
FNF:0
FNH:0
DA:1,5
LF:1
LH:1
BRF:0
BRH:0
end_of_record
TN:
SF:src/hooks/useObservable/useObservable.ts
FN:33,useObservable
FN:34,(anonymous_1)
FNF:2
FNH:2
FNDA:35,useObservable
FNDA:138,(anonymous_1)
DA:3,5
DA:33,5
DA:34,138
LF:3
LH:3
BRF:0
BRH:0
end_of_record
TN:
SF:src/hooks/useSelector/index.ts
FNF:0
FNH:0
DA:1,5
LF:1
LH:1
BRF:0
BRH:0
end_of_record
TN:
SF:src/hooks/useSelector/useSelector.ts
FN:41,useSelector
FNF:1
FNH:1
FNDA:44,useSelector
DA:1,5
DA:3,5
DA:41,5
DA:42,44
LF:4
LH:4
BRF:0
BRH:0
end_of_record
TN:
SF:src/hooks/useWatch/index.ts
FNF:0
FNH:0
DA:1,1
LF:1
LH:1
BRF:0
BRH:0
end_of_record
TN:
SF:src/hooks/useWatch/useWatch.ts
FN:6,useWatch
FNF:1
FNH:0
FNDA:0,useWatch
DA:3,1
DA:6,1
DA:7,0
LF:3
LH:2
BRF:0
BRH:0
end_of_record
TN:
SF:src/hooks/useWatcher/index.ts
FNF:0
FNH:0
DA:1,1
LF:1
LH:1
BRF:0
BRH:0
end_of_record
TN:
SF:src/hooks/useWatcher/useWatcher.ts
FN:6,useWatcher
FN:7,(anonymous_1)
FN:8,(anonymous_2)
FN:14,(anonymous_3)
FN:17,(anonymous_4)
FNF:5
FNH:0
FNDA:0,useWatcher
FNDA:0,(anonymous_1)
FNDA:0,(anonymous_2)
FNDA:0,(anonymous_3)
FNDA:0,(anonymous_4)
DA:1,1
DA:3,1
DA:6,1
DA:7,0
DA:8,0
DA:9,0
DA:11,0
DA:14,0
DA:15,0
DA:17,0
LF:10
LH:3
BRDA:9,0,0,0
BRDA:9,0,1,0
BRF:2
BRH:0
end_of_record
TN:
SF:src/utils/index.ts
FNF:0
FNH:0
DA:1,5
LF:1
LH:1
BRF:0
BRH:0
end_of_record
TN:
SF:src/utils/subscribe/index.ts
FNF:0
FNH:0
DA:1,5
LF:1
LH:1
BRF:0
BRH:0
end_of_record
TN:
SF:src/utils/subscribe/subscribe.ts
FN:22,(anonymous_0)
FN:25,(anonymous_1)
FNF:2
FNH:2
FNDA:17,(anonymous_0)
FNDA:17,(anonymous_1)
DA:1,5
DA:22,5
DA:23,17
DA:25,17
LF:4
LH:4
BRF:0
BRH:0
end_of_record
