TN:
SF:src/index.ts
FN:10,watch
FN:14,componentWillUnmount
FN:28,render
FN:34,(anonymous_7)
FN:36,(anonymous_8)
FN:51,Component
FN:55,(anonymous_10)
FN:62,(anonymous_11)
FN:62,(anonymous_12)
FNF:9
FNH:9
FNDA:13,watch
FNDA:4,componentWillUnmount
FNDA:20,render
FNDA:12,(anonymous_7)
FNDA:21,(anonymous_8)
FNDA:6,Component
FNDA:10,(anonymous_10)
FNDA:6,(anonymous_11)
FNDA:4,(anonymous_12)
DA:1,1
DA:2,1
DA:3,1
DA:5,1
DA:6,1
DA:11,13
DA:12,13
DA:13,11
DA:14,11
DA:15,4
DA:16,4
DA:17,4
DA:18,4
DA:19,4
DA:20,2
DA:21,2
DA:22,2
DA:26,4
DA:28,20
DA:29,20
DA:30,20
DA:31,8
DA:33,12
DA:34,12
DA:36,12
DA:37,21
DA:38,12
DA:39,9
DA:40,8
DA:41,8
DA:42,8
DA:47,20
DA:49,11
DA:51,6
DA:52,6
DA:53,6
DA:55,6
DA:56,10
DA:57,4
DA:59,6
DA:62,6
DA:63,4
DA:64,4
DA:66,6
DA:71,1
DA:72,1
DA:73,1
LF:47
LH:47
BRDA:11,0,0,1
BRDA:11,0,1,12
BRDA:11,1,0,13
BRDA:11,1,1,13
BRDA:12,2,0,11
BRDA:12,2,1,2
BRDA:18,3,0,4
BRDA:18,3,1,0
BRDA:21,4,0,2
BRDA:21,4,1,0
BRDA:21,5,0,2
BRDA:21,5,1,1
BRDA:26,6,0,3
BRDA:26,6,1,1
BRDA:26,7,0,4
BRDA:26,7,1,4
BRDA:30,8,0,8
BRDA:30,8,1,12
BRDA:33,9,0,11
BRDA:33,9,1,1
BRDA:33,10,0,12
BRDA:33,10,1,12
BRDA:37,11,0,12
BRDA:37,11,1,9
BRDA:39,12,0,8
BRDA:39,12,1,1
BRDA:56,13,0,4
BRDA:56,13,1,6
BRF:28
BRH:26
end_of_record
